{"/home/hung/sem5/AOE_Praktikum/backend/index.js": {"path":"/home/hung/sem5/AOE_Praktikum/backend/index.js","statementMap":{"0":{"start":{"line":1,"column":9},"end":{"line":1,"column":22}},"1":{"start":{"line":2,"column":13},"end":{"line":2,"column":32}},"2":{"start":{"line":3,"column":17},"end":{"line":3,"column":42}},"3":{"start":{"line":4,"column":16},"end":{"line":4,"column":40}},"4":{"start":{"line":14,"column":14},"end":{"line":14,"column":16}},"5":{"start":{"line":15,"column":4},"end":{"line":19,"column":5}},"6":{"start":{"line":15,"column":18},"end":{"line":15,"column":19}},"7":{"start":{"line":16,"column":8},"end":{"line":18,"column":9}},"8":{"start":{"line":17,"column":12},"end":{"line":17,"column":30}},"9":{"start":{"line":20,"column":4},"end":{"line":20,"column":15}},"10":{"start":{"line":29,"column":21},"end":{"line":29,"column":23}},"11":{"start":{"line":30,"column":15},"end":{"line":30,"column":51}},"12":{"start":{"line":31,"column":15},"end":{"line":31,"column":66}},"13":{"start":{"line":32,"column":18},"end":{"line":32,"column":43}},"14":{"start":{"line":33,"column":4},"end":{"line":47,"column":5}},"15":{"start":{"line":33,"column":18},"end":{"line":33,"column":19}},"16":{"start":{"line":34,"column":18},"end":{"line":34,"column":30}},"17":{"start":{"line":35,"column":8},"end":{"line":35,"column":46}},"18":{"start":{"line":36,"column":8},"end":{"line":36,"column":44}},"19":{"start":{"line":37,"column":8},"end":{"line":37,"column":46}},"20":{"start":{"line":38,"column":8},"end":{"line":38,"column":64}},"21":{"start":{"line":39,"column":8},"end":{"line":39,"column":46}},"22":{"start":{"line":40,"column":8},"end":{"line":40,"column":49}},"23":{"start":{"line":41,"column":24},"end":{"line":41,"column":59}},"24":{"start":{"line":42,"column":8},"end":{"line":42,"column":30}},"25":{"start":{"line":43,"column":8},"end":{"line":45,"column":9}},"26":{"start":{"line":44,"column":12},"end":{"line":44,"column":65}},"27":{"start":{"line":46,"column":8},"end":{"line":46,"column":29}},"28":{"start":{"line":48,"column":4},"end":{"line":48,"column":22}},"29":{"start":{"line":56,"column":18},"end":{"line":56,"column":39}},"30":{"start":{"line":57,"column":14},"end":{"line":57,"column":47}},"31":{"start":{"line":58,"column":4},"end":{"line":60,"column":5}},"32":{"start":{"line":58,"column":18},"end":{"line":58,"column":19}},"33":{"start":{"line":59,"column":8},"end":{"line":59,"column":109}},"34":{"start":{"line":61,"column":4},"end":{"line":61,"column":14}},"35":{"start":{"line":62,"column":4},"end":{"line":62,"column":74}},"36":{"start":{"line":65,"column":17},"end":{"line":65,"column":47}},"37":{"start":{"line":66,"column":17},"end":{"line":66,"column":66}},"38":{"start":{"line":67,"column":4},"end":{"line":67,"column":19}},"39":{"start":{"line":69,"column":0},"end":{"line":69,"column":7}},"40":{"start":{"line":71,"column":0},"end":{"line":71,"column":38}}},"fnMap":{"0":{"name":"getReleaseQuery","decl":{"start":{"line":13,"column":9},"end":{"line":13,"column":24}},"loc":{"start":{"line":13,"column":54},"end":{"line":21,"column":1}},"line":13},"1":{"name":"init","decl":{"start":{"line":28,"column":15},"end":{"line":28,"column":19}},"loc":{"start":{"line":28,"column":29},"end":{"line":49,"column":1}},"line":28},"2":{"name":"exportXml","decl":{"start":{"line":55,"column":9},"end":{"line":55,"column":18}},"loc":{"start":{"line":55,"column":27},"end":{"line":63,"column":1}},"line":55},"3":{"name":"main","decl":{"start":{"line":64,"column":15},"end":{"line":64,"column":19}},"loc":{"start":{"line":64,"column":22},"end":{"line":68,"column":1}},"line":64}},"branchMap":{"0":{"loc":{"start":{"line":16,"column":8},"end":{"line":18,"column":9}},"type":"if","locations":[{"start":{"line":16,"column":8},"end":{"line":18,"column":9}},{"start":{},"end":{}}],"line":16},"1":{"loc":{"start":{"line":16,"column":12},"end":{"line":16,"column":86}},"type":"binary-expr","locations":[{"start":{"line":16,"column":12},"end":{"line":16,"column":34}},{"start":{"line":16,"column":39},"end":{"line":16,"column":85}}],"line":16}},"s":{"0":1,"1":1,"2":1,"3":1,"4":3,"5":3,"6":3,"7":237,"8":119,"9":3,"10":4,"11":4,"12":4,"13":4,"14":4,"15":4,"16":239,"17":239,"18":239,"19":239,"20":239,"21":239,"22":239,"23":239,"24":239,"25":239,"26":3538,"27":239,"28":4,"29":1,"30":1,"31":1,"32":1,"33":118,"34":1,"35":1,"36":1,"37":1,"38":1,"39":1,"40":1},"f":{"0":3,"1":4,"2":1,"3":1},"b":{"0":[119,118],"1":[237,143]},"_coverageSchema":"1a1c01bbd47fc00a2c39e90264f33305004495a9","hash":"079cf40941c65a97dd6bf06c1534b3cb396dc4fa"}
,"/home/hung/sem5/AOE_Praktikum/backend/model/Record.js": {"path":"/home/hung/sem5/AOE_Praktikum/backend/model/Record.js","statementMap":{"0":{"start":{"line":3,"column":8},"end":{"line":3,"column":27}},"1":{"start":{"line":4,"column":8},"end":{"line":4,"column":25}},"2":{"start":{"line":5,"column":8},"end":{"line":5,"column":27}},"3":{"start":{"line":6,"column":8},"end":{"line":6,"column":31}},"4":{"start":{"line":7,"column":8},"end":{"line":7,"column":27}},"5":{"start":{"line":8,"column":8},"end":{"line":8,"column":29}},"6":{"start":{"line":9,"column":8},"end":{"line":9,"column":41}},"7":{"start":{"line":12,"column":8},"end":{"line":12,"column":37}},"8":{"start":{"line":15,"column":0},"end":{"line":15,"column":24}}},"fnMap":{"0":{"name":"(anonymous_0)","decl":{"start":{"line":2,"column":4},"end":{"line":2,"column":5}},"loc":{"start":{"line":2,"column":74},"end":{"line":10,"column":5}},"line":2},"1":{"name":"(anonymous_1)","decl":{"start":{"line":11,"column":4},"end":{"line":11,"column":5}},"loc":{"start":{"line":11,"column":18},"end":{"line":13,"column":5}},"line":11}},"branchMap":{},"s":{"0":239,"1":239,"2":239,"3":239,"4":239,"5":239,"6":239,"7":237,"8":1},"f":{"0":239,"1":237},"b":{},"_coverageSchema":"1a1c01bbd47fc00a2c39e90264f33305004495a9","hash":"8c02e3f7674cc5d8c1313041954ba83139322767"}
,"/home/hung/sem5/AOE_Praktikum/backend/model/Track.js": {"path":"/home/hung/sem5/AOE_Praktikum/backend/model/Track.js","statementMap":{"0":{"start":{"line":3,"column":8},"end":{"line":3,"column":25}},"1":{"start":{"line":6,"column":0},"end":{"line":6,"column":23}}},"fnMap":{"0":{"name":"(anonymous_0)","decl":{"start":{"line":2,"column":4},"end":{"line":2,"column":5}},"loc":{"start":{"line":2,"column":21},"end":{"line":4,"column":5}},"line":2}},"branchMap":{},"s":{"0":0,"1":1},"f":{"0":0},"b":{},"_coverageSchema":"1a1c01bbd47fc00a2c39e90264f33305004495a9","hash":"47dde10638fb18cf40401bc15f3d0cebac44008a"}
}
