TN:
SF:index.js
FN:13,getReleaseQuery
FN:28,init
FN:55,exportXml
FN:64,main
FNF:4
FNH:4
FNDA:3,getReleaseQuery
FNDA:4,init
FNDA:1,exportXml
FNDA:1,main
DA:1,1
DA:2,1
DA:3,1
DA:4,1
DA:14,3
DA:15,3
DA:16,237
DA:17,119
DA:20,3
DA:29,4
DA:30,4
DA:31,4
DA:32,4
DA:33,4
DA:34,239
DA:35,239
DA:36,239
DA:37,239
DA:38,239
DA:39,239
DA:40,239
DA:41,239
DA:42,239
DA:43,239
DA:44,3538
DA:46,239
DA:48,4
DA:56,1
DA:57,1
DA:58,1
DA:59,118
DA:61,1
DA:62,1
DA:65,1
DA:66,1
DA:67,1
DA:69,1
DA:71,1
LF:38
LH:38
BRDA:16,0,0,119
BRDA:16,0,1,118
BRDA:16,1,0,237
BRDA:16,1,1,143
BRF:4
BRH:4
end_of_record
TN:
SF:model/Record.js
FN:2,(anonymous_0)
FN:11,(anonymous_1)
FNF:2
FNH:2
FNDA:239,(anonymous_0)
FNDA:237,(anonymous_1)
DA:3,239
DA:4,239
DA:5,239
DA:6,239
DA:7,239
DA:8,239
DA:9,239
DA:12,237
DA:15,1
LF:9
LH:9
BRF:0
BRH:0
end_of_record
TN:
SF:model/Track.js
FN:2,(anonymous_0)
FNF:1
FNH:0
FNDA:0,(anonymous_0)
DA:3,0
DA:6,1
LF:2
LH:1
BRF:0
BRH:0
end_of_record
